chat/wechat/LibZxing/build/intermediates/manifest_merge_blame_file/debug/manifest-merger-blame-debug-report.txt
1<?xml version="1.0" encoding="utf-8"?>
2<manifest xmlns:android="http://schemas.android.com/apk/res/android"
3    package="com.google.zxing.client.android"
4    android:versionCode="79"
5    android:versionName="4.0" >
6
7    <uses-sdk
7-->wechat\LibZxing\AndroidManifest.xml:7:5-47
8        android:minSdkVersion="23"
8-->wechat\LibZxing\AndroidManifest.xml:7:5-47
9        android:targetSdkVersion="22" />
9-->wechat\LibZxing\AndroidManifest.xml:7:15-44
10
11    <application>
11-->wechat\LibZxing\AndroidManifest.xml:9:5-14:19
12        <activity
12-->wechat\LibZxing\AndroidManifest.xml:10:9-12:76
13            android:name="com.google.zxing.ISBNActivity"
13-->wechat\LibZxing\AndroidManifest.xml:11:13-57
14            android:windowSoftInputMode="adjustUnspecified|stateVisible" />
14-->wechat\LibZxing\AndroidManifest.xml:12:13-73
15    </application>
16
17</manifest>